TN:
SF:c:\Users\User\Desktop\repo\WebDriverIOFrameWork\contactUsTest.js
FN:13,(anonymous_0)
FNF:1
FNH:0
FNDA:0,(anonymous_0)
DA:1,0
DA:2,0
DA:3,0
DA:5,0
DA:14,0
LF:5
LH:0
BRF:0
BRH:0
end_of_record
TN:
SF:c:\Users\User\Desktop\repo\WebDriverIOFrameWork\loginPortalTest.js
FN:9,(anonymous_0)
FNF:1
FNH:0
FNDA:0,(anonymous_0)
DA:1,0
DA:2,0
DA:3,0
DA:5,0
DA:10,0
LF:5
LH:0
BRF:0
BRH:0
end_of_record
TN:
SF:c:\Users\User\Desktop\repo\WebDriverIOFrameWork\wdio.conf.js
FNF:0
FNH:0
DA:1,0
LF:1
LH:0
BRF:0
BRH:0
end_of_record
TN:
SF:c:\Users\User\Desktop\repo\WebDriverIOFrameWork\tests\webdriverUniversity.js
FN:1,(anonymous_0)
FN:2,(anonymous_1)
FN:9,(anonymous_2)
FN:16,(anonymous_3)
FN:20,(anonymous_4)
FNF:5
FNH:0
FNDA:0,(anonymous_0)
FNDA:0,(anonymous_1)
FNDA:0,(anonymous_2)
FNDA:0,(anonymous_3)
FNDA:0,(anonymous_4)
DA:1,0
DA:2,0
DA:3,0
DA:10,0
DA:16,0
DA:17,0
DA:21,0
LF:7
LH:0
BRF:0
BRH:0
end_of_record
